2025-01-05T10:45:23.248Z [info]: Request: GET /api/categories/; user - 524324421; body - {};
2025-01-05T10:45:36.975Z [info]: Request: GET /api/categories; user - 524324421; body - {};
2025-01-05T10:45:37.019Z [info]: Request: GET /api/categories; user - 524324421; body - {};
2025-01-05T10:45:37.023Z [info]: Request: GET /api/categories; user - 524324421; body - {};
2025-01-05T10:45:43.995Z [info]: Request: GET /api/categories; user - 524324421; body - {};
2025-01-05T10:45:44.000Z [info]: Request: GET /api/categories; user - 524324421; body - {};
2025-01-05T10:45:44.003Z [info]: Request: GET /api/categories; user - 524324421; body - {};
2025-01-05T10:47:38.466Z [info]: Request: GET /api/categories/; user - 524324421; body - {};
2025-01-05T10:47:57.446Z [info]: Request: GET /api/categories; user - 524324421; body - {};
2025-01-05T10:47:57.459Z [info]: Request: GET /api/categories; user - 524324421; body - {};
2025-01-05T10:48:11.849Z [error]: Request: POST /api/categories; message - Access denied; user - 524324421; body - {"name":"хеллоу"};
2025-01-05T10:50:14.335Z [info]: Request: GET /api/categories/; user - 524324421; body - {};
2025-01-05T10:50:22.540Z [info]: Request: POST /api/users; user - 524324421; body - {};
2025-01-05T10:52:01.806Z [info]: Request: GET /api/categories; user - 524324421; body - {};
2025-01-05T10:52:01.864Z [info]: Request: GET /api/categories; user - 524324421; body - {};
2025-01-05T10:54:25.364Z [info]: Request: POST /api/users; user - 524324421; body - {};
2025-01-05T10:54:27.208Z [info]: Request: POST /api/users; user - 524324421; body - {};
2025-01-05T10:54:27.213Z [info]: Request: POST /api/users; user - 524324421; body - {};
2025-01-05T10:54:30.080Z [info]: Request: POST /api/users; user - 524324421; body - {};
2025-01-05T10:54:30.082Z [info]: Request: POST /api/users; user - 524324421; body - {};
2025-01-05T10:56:20.361Z [info]: Request: POST /api/users; user - 987654321; body - {};
2025-01-05T10:56:38.879Z [info]: Request: POST /api/users; user - 987654321; body - {};
2025-01-05T10:56:38.882Z [info]: Request: POST /api/users; user - 987654321; body - {};
2025-01-05T10:57:08.739Z [info]: Request: GET /api/categories; user - 987654321; body - {};
2025-01-05T10:57:08.783Z [info]: Request: GET /api/categories; user - 987654321; body - {};
2025-01-05T10:57:17.812Z [error]: Request: POST /api/categories; message - Access denied; user - 987654321; body - {"name":"хеллоу"};
2025-01-05T10:57:41.340Z [error]: Request: POST /api/categories; message - Access denied; user - 987654321; body - {"name":"1212"};
2025-01-05T10:59:03.082Z [info]: Request: GET /api/categories; user - 987654321; body - {};
2025-01-05T10:59:03.099Z [info]: Request: GET /api/categories; user - 987654321; body - {};
2025-01-05T10:59:06.397Z [info]: Request: POST /api/categories; user - 987654321; body - {"name":"1212"};
2025-01-05T10:59:06.408Z [info]: Request: GET /api/categories; user - 987654321; body - {};
2025-01-05T11:05:04.363Z [info]: Request: GET /api/categories; user - 987654321; body - {};
2025-01-05T11:05:04.368Z [info]: Request: POST /api/users; user - 987654321; body - {};
2025-01-05T11:06:13.770Z [info]: Request: DELETE /api/categories; user - 987654321; body - {"id":1};
2025-01-05T11:06:13.778Z [info]: Request: GET /api/categories; user - 987654321; body - {};
2025-01-05T11:19:55.702Z [info]: Request: POST /api/categories; user - 987654321; body - {"name":"это супер"};
2025-01-05T11:19:55.711Z [info]: Request: GET /api/categories; user - 987654321; body - {};
2025-01-05T11:20:04.760Z [info]: Request: POST /api/categories; user - 987654321; body - {"name":"это реально кайф"};
2025-01-05T11:20:04.768Z [info]: Request: GET /api/categories; user - 987654321; body - {};
2025-01-05T11:20:32.896Z [info]: Request: GET /api/categories; user - 987654321; body - {};
2025-01-05T11:20:32.902Z [info]: Request: GET /api/categories; user - 987654321; body - {};
2025-01-05T11:39:12.038Z [error]: Request: GET /api/tags/; message - Access denied; user - undefined; body - {};
2025-01-05T11:40:09.369Z [info]: Request: GET /api/tags/; user - 524324421; body - {};
2025-01-05T11:40:33.802Z [info]: Request: GET /api/tags; user - 524324421; body - {};
2025-01-05T11:42:03.714Z [info]: Request: GET /api/categories; user - 987654321; body - {};
2025-01-05T11:42:03.768Z [info]: Request: GET /api/categories; user - 987654321; body - {};
2025-01-05T11:44:54.360Z [info]: Request: GET /api/categories; user - 987654321; body - {};
2025-01-05T11:44:54.364Z [info]: Request: POST /api/users; user - 987654321; body - {};
2025-01-05T11:46:03.246Z [info]: Request: GET /api/categories; user - 987654321; body - {};
2025-01-05T11:46:03.258Z [info]: Request: POST /api/users; user - 987654321; body - {};
2025-01-05T11:46:03.274Z [info]: Request: POST /api/users; user - 987654321; body - {};
2025-01-05T11:46:03.314Z [info]: Request: GET /api/categories; user - 987654321; body - {};
2025-01-05T11:47:16.678Z [info]: Request: GET /api/categories; user - 987654321; body - {};
2025-01-05T11:47:16.684Z [info]: Request: POST /api/users; user - 987654321; body - {};
2025-01-05T11:47:16.686Z [info]: Request: POST /api/users; user - 987654321; body - {};
2025-01-05T11:47:16.730Z [info]: Request: GET /api/categories; user - 987654321; body - {};
2025-01-05T11:47:19.629Z [info]: Request: GET /api/categories; user - 987654321; body - {};
2025-01-05T11:47:19.636Z [info]: Request: GET /api/categories; user - 987654321; body - {};
2025-01-05T11:47:22.536Z [info]: Request: GET /api/tags; user - 987654321; body - {};
2025-01-05T11:47:22.540Z [info]: Request: GET /api/tags; user - 987654321; body - {};
2025-01-05T11:47:29.167Z [info]: Request: GET /api/tags; user - 987654321; body - {};
2025-01-05T11:47:29.172Z [info]: Request: GET /api/tags; user - 987654321; body - {};
2025-01-05T12:09:55.803Z [info]: Request: GET /api/tags; user - 987654321; body - {};
2025-01-05T12:09:55.847Z [info]: Request: GET /api/tags; user - 987654321; body - {};
2025-01-05T12:19:11.751Z [info]: Request: GET /api/categories; user - 987654321; body - {};
2025-01-05T12:19:11.794Z [info]: Request: GET /api/categories; user - 987654321; body - {};
2025-01-05T12:28:20.172Z [info]: Request: POST /api/users; user - 987654321; body - {};
2025-01-05T12:28:20.175Z [info]: Request: POST /api/users; user - 987654321; body - {};
2025-01-05T12:34:19.871Z [info]: Request: POST /api/users; user - 987654321; body - {};
2025-01-05T12:34:19.874Z [info]: Request: POST /api/users; user - 987654321; body - {};
2025-01-05T12:36:40.219Z [info]: Request: POST /api/users; user - 987654321; body - {};
2025-01-05T12:36:40.222Z [info]: Request: POST /api/users; user - 987654321; body - {};
2025-01-05T13:20:21.547Z [info]: Request: POST /api/users; user - 987654321; body - {};
2025-01-05T13:20:21.555Z [info]: Request: POST /api/users; user - 987654321; body - {};
2025-01-05T13:20:26.752Z [info]: Request: POST /api/users; user - 987654321; body - {};
2025-01-05T13:20:26.755Z [info]: Request: POST /api/users; user - 987654321; body - {};
2025-01-05T13:20:46.362Z [info]: Request: GET /api/categories; user - 987654321; body - {};
2025-01-05T13:20:46.413Z [info]: Request: GET /api/categories; user - 987654321; body - {};
2025-01-05T13:23:38.571Z [info]: Request: GET /api/categories; user - 987654321; body - {};
2025-01-05T13:23:38.611Z [info]: Request: GET /api/categories; user - 987654321; body - {};
2025-01-05T13:24:45.261Z [info]: Request: GET /api/categories; user - 987654321; body - {};
