GET /api/categories/ 200 12 - 11.652 ms 2025-01-05T10:45:23.259Z
GET /api/categories 200 12 - 42.494 ms 2025-01-05T10:45:37.017Z
GET /api/categories 304 - - 3.522 ms 2025-01-05T10:45:37.022Z
GET /api/categories 200 12 - 2.242 ms 2025-01-05T10:45:37.025Z
GET /api/categories 200 12 - 4.002 ms 2025-01-05T10:45:43.999Z
GET /api/categories 304 - - 2.265 ms 2025-01-05T10:45:44.002Z
GET /api/categories 200 12 - 2.991 ms 2025-01-05T10:45:44.006Z
GET /api/categories/ 200 12 - 50.536 ms 2025-01-05T10:47:38.514Z
GET /api/categories 200 12 - 12.484 ms 2025-01-05T10:47:57.457Z
GET /api/categories 304 - - 3.095 ms 2025-01-05T10:47:57.462Z
POST /api/categories 403 39 - 186.836 ms 2025-01-05T10:48:11.850Z
POST /api/user 404 148 - 2.398 ms 2025-01-05T10:49:37.366Z
POST /api/user 404 148 - 1.578 ms 2025-01-05T10:49:37.368Z
GET /api/categories/ 200 12 - 45.182 ms 2025-01-05T10:50:14.380Z
POST /api/users 200 40 - 18.090 ms 2025-01-05T10:50:22.558Z
GET /api/categories 304 - - 56.566 ms 2025-01-05T10:52:01.862Z
GET /api/categories 304 - - 2.948 ms 2025-01-05T10:52:01.867Z
POST /api/user 404 148 - 1.254 ms 2025-01-05T10:52:08.906Z
POST /api/user 404 148 - 2.102 ms 2025-01-05T10:52:08.909Z
POST /api/users 200 40 - 49.637 ms 2025-01-05T10:54:25.412Z
POST /api/users 200 40 - 4.313 ms 2025-01-05T10:54:27.212Z
POST /api/users 200 40 - 4.364 ms 2025-01-05T10:54:27.217Z
POST /api/users 200 40 - 6.688 ms 2025-01-05T10:54:30.086Z
POST /api/users 200 40 - 4.865 ms 2025-01-05T10:54:30.087Z
POST /api/users 200 40 - 47.195 ms 2025-01-05T10:56:20.408Z
POST /api/users 200 40 - 64.224 ms 2025-01-05T10:56:38.944Z
POST /api/users 200 40 - 63.542 ms 2025-01-05T10:56:38.945Z
GET /api/categories 304 - - 44.233 ms 2025-01-05T10:57:08.782Z
GET /api/categories 304 - - 2.597 ms 2025-01-05T10:57:08.786Z
POST /api/categories 403 39 - 14.016 ms 2025-01-05T10:57:17.813Z
POST /api/categories 403 39 - 37.904 ms 2025-01-05T10:57:41.341Z
GET /api/categories 304 - - 15.379 ms 2025-01-05T10:59:03.096Z
GET /api/categories 304 - - 2.787 ms 2025-01-05T10:59:03.102Z
POST /api/categories 200 22 - 19.047 ms 2025-01-05T10:59:06.404Z
GET /api/categories 200 34 - 4.470 ms 2025-01-05T10:59:06.413Z
DELETE /api/categories/1 404 158 - 3.432 ms 2025-01-05T11:01:17.302Z
GET /api/categories 304 - - 48.292 ms 2025-01-05T11:05:04.411Z
POST /api/users 200 41 - 44.883 ms 2025-01-05T11:05:04.413Z
DELETE /api/categories 200 2 - 41.784 ms 2025-01-05T11:06:13.775Z
GET /api/categories 200 12 - 3.874 ms 2025-01-05T11:06:13.782Z
POST /api/categories 200 35 - 39.682 ms 2025-01-05T11:19:55.705Z
GET /api/categories 200 47 - 4.986 ms 2025-01-05T11:19:55.715Z
POST /api/categories 200 48 - 6.241 ms 2025-01-05T11:20:04.763Z
GET /api/categories 200 96 - 3.667 ms 2025-01-05T11:20:04.772Z
GET /tags 404 143 - 2.350 ms 2025-01-05T11:20:24.965Z
GET /tags 404 143 - 1.083 ms 2025-01-05T11:20:24.968Z
GET /tags 404 143 - 1.889 ms 2025-01-05T11:20:29.626Z
GET /tags 404 143 - 1.257 ms 2025-01-05T11:20:29.628Z
GET /api/categories 304 - - 4.703 ms 2025-01-05T11:20:32.901Z
GET /api/categories 304 - - 3.790 ms 2025-01-05T11:20:32.906Z
GET /tags 404 143 - 1.870 ms 2025-01-05T11:38:47.312Z
GET /tags 404 143 - 1.098 ms 2025-01-05T11:38:47.314Z
GET /api/tags/ 403 39 - 1.314 ms 2025-01-05T11:39:12.039Z
GET /api/tags/ 200 12 - 55.339 ms 2025-01-05T11:40:09.424Z
GET /api/tags 200 12 - 47.170 ms 2025-01-05T11:40:33.849Z
GET /api/categories 304 - - 52.679 ms 2025-01-05T11:42:03.767Z
GET /api/categories 304 - - 3.432 ms 2025-01-05T11:42:03.771Z
POST /api/users 200 41 - 50.583 ms 2025-01-05T11:44:54.415Z
GET /api/categories 304 - - 56.353 ms 2025-01-05T11:44:54.416Z
GET /api/categories 304 - - 63.447 ms 2025-01-05T11:46:03.309Z
POST /api/users 200 41 - 53.033 ms 2025-01-05T11:46:03.311Z
POST /api/users 200 41 - 39.167 ms 2025-01-05T11:46:03.313Z
GET /api/categories 304 - - 3.568 ms 2025-01-05T11:46:03.318Z
POST /api/users 200 41 - 42.085 ms 2025-01-05T11:47:16.726Z
POST /api/users 200 41 - 40.978 ms 2025-01-05T11:47:16.727Z
GET /api/categories 304 - - 50.818 ms 2025-01-05T11:47:16.728Z
GET /api/categories 304 - - 2.272 ms 2025-01-05T11:47:16.732Z
GET /api/categories 304 - - 4.881 ms 2025-01-05T11:47:19.634Z
GET /api/categories 304 - - 3.024 ms 2025-01-05T11:47:19.639Z
GET /api/tags 200 12 - 3.655 ms 2025-01-05T11:47:22.539Z
GET /api/tags 304 - - 3.022 ms 2025-01-05T11:47:22.543Z
GET /api/tags 304 - - 3.501 ms 2025-01-05T11:47:29.171Z
GET /api/tags 304 - - 2.803 ms 2025-01-05T11:47:29.175Z
GET /api/tags 304 - - 43.645 ms 2025-01-05T12:09:55.847Z
GET /api/tags 304 - - 1.931 ms 2025-01-05T12:09:55.849Z
GET /api/categories 304 - - 42.569 ms 2025-01-05T12:19:11.793Z
GET /api/categories 304 - - 2.009 ms 2025-01-05T12:19:11.796Z
POST /api/users 200 41 - 55.692 ms 2025-01-05T12:28:20.228Z
POST /api/users 200 41 - 55.040 ms 2025-01-05T12:28:20.230Z
POST /api/users 200 41 - 51.264 ms 2025-01-05T12:34:19.925Z
POST /api/users 200 41 - 55.253 ms 2025-01-05T12:34:19.926Z
POST /api/users 200 41 - 80.718 ms 2025-01-05T12:36:40.300Z
POST /api/users 200 41 - 80.691 ms 2025-01-05T12:36:40.302Z
POST /api/users 200 41 - 74.005 ms 2025-01-05T13:20:21.619Z
POST /api/users 200 41 - 67.204 ms 2025-01-05T13:20:21.622Z
POST /api/users 200 41 - 10.131 ms 2025-01-05T13:20:26.762Z
POST /api/users 200 41 - 10.084 ms 2025-01-05T13:20:26.765Z
GET /api/categories 304 - - 48.053 ms 2025-01-05T13:20:46.410Z
GET /api/categories 304 - - 3.963 ms 2025-01-05T13:20:46.417Z
GET /api/categories 304 - - 38.960 ms 2025-01-05T13:23:38.610Z
GET /api/categories 304 - - 3.827 ms 2025-01-05T13:23:38.615Z
GET /api/categories 304 - - 50.171 ms 2025-01-05T13:24:45.311Z
